<?xml version="1.0" encoding="UTF-8"?>
<testsuite xmlns:xsi="http://www.w3.org/2001/XMLSchema-instance" xsi:noNamespaceSchemaLocation="https://maven.apache.org/surefire/maven-surefire-plugin/xsd/surefire-test-report.xsd" name="facade.UserTest" time="0.595" tests="2" errors="0" skipped="0" failures="0">
  <properties>
[...]
</properties>
  <testcase name="namesOnSystem_Test_US1" classname="facade.UserTest" time="0.515"/>
  <testcase name="detailsOnUser_Test_US2" classname="facade.UserTest" time="0.073"/>
</testsuite>